<?xml version="1.0" encoding="UTF-8"?>
<testsuite name="com.caniz.AppTests" tests="1" skipped="0" failures="0" errors="0" timestamp="2026-06-16T11:42:32.380Z" hostname="DESKTOP-EN5QQBM" time="5.589">
  <properties/>
  <testcase name="contextLoads()" classname="com.caniz.AppTests" time="0.27"/>
  <system-out><![CDATA[13:42:32.550 [Test worker] INFO org.springframework.test.context.support.AnnotationConfigContextLoaderUtils -- Could not detect default configuration classes for test class [com.caniz.AppTests]: AppTests does not declare any static, non-private, non-final, nested classes annotated with @Configuration.
13:42:32.633 [Test worker] INFO org.springframework.boot.test.context.SpringBootTestContextBootstrapper -- Found @SpringBootConfiguration com.caniz.App for test class com.caniz.AppTests
13:42:32.721 [Test worker] INFO org.springframework.test.context.support.AnnotationConfigContextLoaderUtils -- Could not detect default configuration classes for test class [com.caniz.AppTests]: AppTests does not declare any static, non-private, non-final, nested classes annotated with @Configuration.
13:42:32.722 [Test worker] INFO org.springframework.boot.test.context.SpringBootTestContextBootstrapper -- Found @SpringBootConfiguration com.caniz.App for test class com.caniz.AppTests

  .   ____          _            __ _ _
 /\\ / ___'_ __ _ _(_)_ __  __ _ \ \ \ \
( ( )\___ | '_ | '_| | '_ \/ _` | \ \ \ \
 \\/  ___)| |_)| | | | | || (_| |  ) ) ) )
  '  |____| .__|_| |_|_| |_\__, | / / / /
 =========|_|==============|___/=/_/_/_/

 :: Spring Boot ::                (v4.0.4)

2026-06-16T13:42:33.010+02:00  INFO 27984 --- [    Test worker] com.caniz.AppTests                       : Starting AppTests using Java 21.0.11 with PID 27984 (started by Lotus in C:\Users\Lotus\ws\intro-java\app)
2026-06-16T13:42:33.011+02:00  INFO 27984 --- [    Test worker] com.caniz.AppTests                       : The following 1 profile is active: "dev"
2026-06-16T13:42:33.816+02:00  INFO 27984 --- [    Test worker] .s.d.r.c.RepositoryConfigurationDelegate : Bootstrapping Spring Data JPA repositories in DEFAULT mode.
2026-06-16T13:42:33.860+02:00  INFO 27984 --- [    Test worker] .s.d.r.c.RepositoryConfigurationDelegate : Finished Spring Data repository scanning in 34 ms. Found 1 JPA repository interface.
2026-06-16T13:42:34.395+02:00  INFO 27984 --- [    Test worker] com.zaxxer.hikari.HikariDataSource       : HikariPool-1 - Starting...
2026-06-16T13:42:34.543+02:00  INFO 27984 --- [    Test worker] com.zaxxer.hikari.pool.HikariPool        : HikariPool-1 - Added connection conn0: url=jdbc:h2:mem:testdb user=SA
2026-06-16T13:42:34.546+02:00  INFO 27984 --- [    Test worker] com.zaxxer.hikari.HikariDataSource       : HikariPool-1 - Start completed.
2026-06-16T13:42:34.595+02:00  INFO 27984 --- [    Test worker] org.hibernate.orm.jpa                    : HHH008540: Processing PersistenceUnitInfo [name: default]
2026-06-16T13:42:34.660+02:00  INFO 27984 --- [    Test worker] org.hibernate.orm.core                   : HHH000001: Hibernate ORM core version 7.2.7.Final
2026-06-16T13:42:35.032+02:00  INFO 27984 --- [    Test worker] o.s.o.j.p.SpringPersistenceUnitInfo      : No LoadTimeWeaver setup: ignoring JPA class transformer
2026-06-16T13:42:35.068+02:00  WARN 27984 --- [    Test worker] org.hibernate.orm.deprecation            : HHH90000025: H2Dialect does not need to be specified explicitly using 'hibernate.dialect' (remove the property setting and it will be selected by default)
2026-06-16T13:42:35.082+02:00  INFO 27984 --- [    Test worker] org.hibernate.orm.connections.pooling    : HHH10001005: Database info:
	Database JDBC URL [jdbc:h2:mem:testdb]
	Database driver: H2 JDBC Driver
	Database dialect: H2Dialect
	Database version: 2.4.240
	Default catalog/schema: TESTDB/PUBLIC
	Autocommit mode: undefined/unknown
	Isolation level: READ_COMMITTED [default READ_COMMITTED]
	JDBC fetch size: 100
	Pool: DataSourceConnectionProvider
	Minimum pool size: undefined/unknown
	Maximum pool size: undefined/unknown
2026-06-16T13:42:35.673+02:00  INFO 27984 --- [    Test worker] org.hibernate.orm.core                   : HHH000489: No JTA platform available (set 'hibernate.transaction.jta.platform' to enable JTA platform integration)
2026-06-16T13:42:35.700+02:00  INFO 27984 --- [    Test worker] j.LocalContainerEntityManagerFactoryBean : Initialized JPA EntityManagerFactory for persistence unit 'default'
2026-06-16T13:42:35.770+02:00  INFO 27984 --- [    Test worker] o.s.d.j.r.query.QueryEnhancerFactories   : Hibernate is in classpath; If applicable, HQL parser will be used.
Products updated: 20
2026-06-16T13:42:36.553+02:00  WARN 27984 --- [    Test worker] JpaBaseConfiguration$JpaWebConfiguration : spring.jpa.open-in-view is enabled by default. Therefore, database queries may be performed during view rendering. Explicitly configure spring.jpa.open-in-view to disable this warning
2026-06-16T13:42:36.649+02:00  WARN 27984 --- [    Test worker] .s.a.UserDetailsServiceAutoConfiguration : 

Using generated security password: f9773b48-3ae4-466f-aafe-5e68e66f2577

This generated password is for development use only. Your security configuration must be updated before running your application in production.

2026-06-16T13:42:36.657+02:00  INFO 27984 --- [    Test worker] r$InitializeUserDetailsManagerConfigurer : Global AuthenticationManager configured with UserDetailsService bean with name inMemoryUserDetailsManager
2026-06-16T13:42:36.945+02:00  INFO 27984 --- [    Test worker] o.s.v.b.OptionalValidatorFactoryBean     : Failed to set up a Bean Validation provider: jakarta.validation.NoProviderFoundException: Unable to create a Configuration, because no Jakarta Validation provider could be found. Add a provider like Hibernate Validator (RI) to your classpath.
2026-06-16T13:42:37.557+02:00  INFO 27984 --- [    Test worker] o.s.b.a.e.web.EndpointLinksResolver      : Exposing 12 endpoints beneath base path '/actuator'
2026-06-16T13:42:37.616+02:00  INFO 27984 --- [    Test worker] com.caniz.AppTests                       : Started AppTests in 4.844 seconds (process running for 6.238)
Products updated: 20
]]></system-out>
  <system-err><![CDATA[Mockito is currently self-attaching to enable the inline-mock-maker. This will no longer work in future releases of the JDK. Please add Mockito as an agent to your build as described in Mockito's documentation: https://javadoc.io/doc/org.mockito/mockito-core/latest/org.mockito/org/mockito/Mockito.html#0.3
WARNING: A Java agent has been loaded dynamically (C:\Users\Lotus\.gradle\caches\modules-2\files-2.1\net.bytebuddy\byte-buddy-agent\1.17.8\f09415827a71be7ed621c7bd02550678f28bc81c\byte-buddy-agent-1.17.8.jar)
WARNING: If a serviceability tool is in use, please run with -XX:+EnableDynamicAgentLoading to hide this warning
WARNING: If a serviceability tool is not in use, please run with -Djdk.instrument.traceUsage for more information
WARNING: Dynamic loading of agents will be disallowed by default in a future release
]]></system-err>
</testsuite>
